There were 43 warnings (use warnings() to see them)
Loading required package: tidyverse
── Attaching packages ─────────────────────────────────────── tidyverse 1.3.0 ──
✔ ggplot2 3.3.0     ✔ purrr   0.3.3
✔ tibble  2.1.3     ✔ dplyr   0.8.5
✔ tidyr   1.0.2     ✔ stringr 1.4.0
✔ readr   1.3.1     ✔ forcats 0.5.0
── Conflicts ────────────────────────────────────────── tidyverse_conflicts() ──
✖ dplyr::filter() masks stats::filter()
✖ dplyr::lag()    masks stats::lag()
[1] "/home/jmr/anaconda3/bin/python"

Attaching package: ‘git2r’

The following object is masked from ‘package:dplyr’:

    pull

The following objects are masked from ‘package:purrr’:

    is_empty, when

Loading required package: lattice

Attaching package: ‘caret’

The following object is masked from ‘package:purrr’:

    lift

Loading required package: httr

Attaching package: ‘httr’

The following object is masked from ‘package:caret’:

    progress

The following objects are masked from ‘package:git2r’:

    config, content

Parsed with column specification:
cols(
  .default = col_double(),
  doc_id = col_character()
)
See spec(...) for full column specifications.
Parsed with column specification:
cols(
  headlines = col_character(),
  pub_date = col_character(),
  source_name = col_character(),
  word_count = col_character(),
  language = col_character(),
  leading_paragraph = col_character(),
  remaining_content = col_character(),
  query = col_character(),
  query_date_from = col_date(format = ""),
  query_date_to = col_date(format = ""),
  doc_id = col_character(),
  is_covid = col_logical(),
  author = col_character()
)
  |                                                                              |=======                                                               |  10%  |                                                                              |==============                                                        |  20%  |                                                                              |=====================                                                 |  30%  |                                                                              |============================                                          |  40%  |                                                                              |===================================                                   |  50%  |                                                                              |==========================================                            |  60%  |                                                                              |=================================================                     |  70%  |                                                                              |========================================================              |  80%  |                                                                              |===============================================================       |  90%  |                                                                              |======================================================================| 100%
Parsing: https://api.gdeltproject.org/api/v2/doc/doc?query=%20sourcecountry:po&sourcelang:por&mode=artlist&format=json&timespan=100&maxrecords=250&sort=datedesc

Joining, by = "urlGDELTV2FTAPI"
>> GDELT query --> done.
Warning message:
In if (class(gdelt_pt_all) == "try-error") { :
  the condition has length > 1 and only the first element will be used
# A tibble: 1 x 8
  authors date_download       date_publish        description maintext text 
  <chr>   <dttm>              <dttm>              <chr>       <chr>    <lis>
1 Rádio … 2020-05-05 21:16:05 2020-05-05 19:29:26 Bruxelas, … "As pre… <NUL…
# … with 2 more variables: title <chr>, url <chr>
# A tibble: 0 x 0
# A tibble: 1 x 8
  authors date_download       date_publish        description maintext text 
  <chr>   <dttm>              <dttm>              <chr>       <chr>    <lis>
1 Rádio … 2020-05-05 21:20:42 2020-05-05 19:20:49 Lisboa, 05… "A plat… <NUL…
# … with 2 more variables: title <chr>, url <chr>
# A tibble: 0 x 0
# A tibble: 2 x 8
  authors date_download       date_publish        description maintext text 
  <chr>   <dttm>              <dttm>              <chr>       <chr>    <lis>
1 Global… 2020-05-05 21:25:19 2020-05-05 18:59:00 O Presiden… "© Yuri… <NUL…
2 Tsf Lu… 2020-05-05 21:25:19 2020-05-05 18:59:00 O Presiden… "© Yuri… <NUL…
# … with 2 more variables: title <chr>, url <chr>
# A tibble: 1 x 8
  authors date_download       date_publish        description maintext text 
  <chr>   <dttm>              <dttm>              <chr>       <chr>    <lis>
1 Rádio … 2020-05-05 21:25:22 2020-05-05 19:19:23 "Praia, 05… "\"Memb… <NUL…
# … with 2 more variables: title <chr>, url <chr>
# A tibble: 1 x 8
  authors date_download       date_publish description maintext text  title
  <chr>   <dttm>              <list>       <chr>       <chr>    <lis> <chr>
1 Jornal… 2020-05-05 21:25:23 <NULL>       Um estudo … "Covid-… <NUL… "Cov…
# … with 1 more variable: url <chr>
# A tibble: 1 x 8
  authors date_download       date_publish description maintext text  title
  <chr>   <dttm>              <list>       <list>      <chr>    <lis> <chr>
1 Execut… 2020-05-05 21:25:25 <NULL>       <NULL>      "No ent… <NUL… NewD…
# … with 1 more variable: url <chr>
# A tibble: 1 x 8
  authors date_download       date_publish        description maintext text 
  <chr>   <dttm>              <dttm>              <chr>       <chr>    <lis>
1 Rádio … 2020-05-05 21:25:51 2020-05-05 19:28:18 Redação, 0… "O rela… <NUL…
# … with 2 more variables: title <chr>, url <chr>
# A tibble: 0 x 0
# A tibble: 2 x 8
  authors date_download       date_publish        description maintext text 
  <chr>   <dttm>              <dttm>              <chr>       <chr>    <lis>
1 Global… 2020-05-05 21:25:57 2020-05-05 19:18:00 O Governo … "© DR\n… <NUL…
2 Tsf Lu… 2020-05-05 21:25:57 2020-05-05 19:18:00 O Governo … "© DR\n… <NUL…
# … with 2 more variables: title <chr>, url <chr>
# A tibble: 2 x 8
  authors date_download       date_publish description maintext text  title
  <chr>   <dttm>              <list>       <list>      <chr>    <lis> <chr>
1 Nuno M… 2020-05-05 21:25:59 <NULL>       <NULL>      "A comp… <NUL… NewD…
2 O Jorn… 2020-05-05 21:25:59 <NULL>       <NULL>      "A comp… <NUL… NewD…
# … with 1 more variable: url <chr>
# A tibble: 1 x 8
  authors date_download       date_publish description maintext text  title
  <chr>   <dttm>              <list>       <chr>       <chr>    <lis> <chr>
1 Jornal… 2020-05-05 21:26:23 <NULL>       Portugal r… "Covid-… <NUL… Covi…
# … with 1 more variable: url <chr>
# A tibble: 1 x 8
  authors date_download       date_publish description maintext text  title
  <chr>   <dttm>              <list>       <list>      <chr>    <lis> <chr>
1 Vitor … 2020-05-05 21:26:25 <NULL>       <NULL>      "Os pre… <NUL… NewD…
# … with 1 more variable: url <chr>
# A tibble: 0 x 0
# A tibble: 0 x 0
# A tibble: 1 x 8
  authors date_download       date_publish description maintext text  title
  <chr>   <dttm>              <list>       <chr>       <chr>    <lis> <chr>
1 Jornal… 2020-05-05 21:36:02 <NULL>       O número d… "Número… <NUL… Núme…
# … with 1 more variable: url <chr>
# A tibble: 1 x 8
  authors date_download       date_publish        description maintext text 
  <chr>   <dttm>              <dttm>              <chr>       <chr>    <lis>
1 Rádio … 2020-05-05 21:36:04 2020-05-05 21:00:00 Episódio n… "Episód… <NUL…
# … with 2 more variables: title <chr>, url <chr>
# A tibble: 2 x 8
  authors date_download       date_publish        description maintext text 
  <chr>   <dttm>              <dttm>              <chr>       <chr>    <lis>
1 Rtp     2020-05-05 21:36:07 2020-05-05 20:36:07 Grande Aud… "Realiz… <NUL…
2 Rádio … 2020-05-05 21:36:07 2020-05-05 20:36:07 Grande Aud… "Realiz… <NUL…
# … with 2 more variables: title <chr>, url <chr>
# A tibble: 1 x 8
  authors date_download       date_publish        description maintext text 
  <chr>   <dttm>              <dttm>              <chr>       <chr>    <lis>
1 Rádio … 2020-05-05 21:36:09 2020-05-05 19:30:05 Lisboa, 05… "De aco… <NUL…
# … with 2 more variables: title <chr>, url <chr>
# A tibble: 0 x 0
# A tibble: 2 x 8
  authors date_download       date_publish description maintext text  title
  <chr>   <dttm>              <list>       <list>      <chr>    <lis> <chr>
1 André … 2020-05-05 21:37:16 <NULL>       <NULL>      "Portug… <NUL… NewD…
2 O Jorn… 2020-05-05 21:37:16 <NULL>       <NULL>      "Portug… <NUL… NewD…
# … with 1 more variable: url <chr>
# A tibble: 0 x 0
# A tibble: 0 x 0
# A tibble: 0 x 0
# A tibble: 1 x 8
  authors date_download       date_publish        description maintext text 
  <chr>   <dttm>              <dttm>              <chr>       <chr>    <lis>
1 Rádio … 2020-05-05 21:37:34 2020-05-05 19:22:05 Lisboa, 05… "Camões… <NUL…
# … with 2 more variables: title <chr>, url <chr>
# A tibble: 1 x 8
  authors date_download       date_publish        description maintext text 
  <chr>   <dttm>              <dttm>              <chr>       <chr>    <lis>
1 Gonçal… 2020-05-05 21:37:35 2020-05-05 15:56:26 Noticiário… "O Dia … <NUL…
# … with 2 more variables: title <chr>, url <chr>
# A tibble: 1 x 8
  authors date_download       date_publish description maintext text  title
  <chr>   <dttm>              <list>       <list>      <chr>    <lis> <chr>
1 Notíci… 2020-05-05 21:37:35 <NULL>       <NULL>      "Esta s… <NUL… Orga…
# … with 1 more variable: url <chr>
# A tibble: 1 x 8
  authors date_download       date_publish description maintext text  title
  <chr>   <dttm>              <list>       <list>      <chr>    <lis> <chr>
1 Notíci… 2020-05-05 21:37:37 <NULL>       <NULL>      "Os ban… <NUL… Coim…
# … with 1 more variable: url <chr>
# A tibble: 1 x 8
  authors date_download       date_publish description maintext text  title
  <chr>   <dttm>              <list>       <list>      <chr>    <lis> <chr>
1 Notíci… 2020-05-05 21:37:37 <NULL>       <NULL>      "A Fede… <NUL… Fede…
# … with 1 more variable: url <chr>
# A tibble: 1 x 8
  authors date_download       date_publish description maintext text  title
  <chr>   <dttm>              <list>       <list>      <chr>    <lis> <chr>
1 Notíci… 2020-05-05 21:37:38 <NULL>       <NULL>      "A maio… <NUL… Sobr…
# … with 1 more variable: url <chr>
# A tibble: 1 x 8
  authors date_download       date_publish        description maintext text 
  <chr>   <dttm>              <dttm>              <chr>       <chr>    <lis>
1 Rádio … 2020-05-05 21:37:39 2020-05-05 19:14:07 "Redação, … "\"Os t… <NUL…
# … with 2 more variables: title <chr>, url <chr>
# A tibble: 1 x 8
  authors date_download       date_publish description maintext text  title
  <chr>   <dttm>              <list>       <list>      <chr>    <lis> <chr>
1 Notíci… 2020-05-05 21:37:40 <NULL>       <NULL>      "O secr… <NUL… Covi…
# … with 1 more variable: url <chr>
# A tibble: 1 x 8
  authors date_download       date_publish        description maintext text 
  <chr>   <dttm>              <dttm>              <chr>       <chr>    <lis>
1 Rádio … 2020-05-05 21:37:41 2020-05-05 19:13:37 Torres Ved… "\"Tend… <NUL…
# … with 2 more variables: title <chr>, url <chr>
# A tibble: 1 x 8
  authors date_download       date_publish        description maintext text 
  <chr>   <dttm>              <dttm>              <list>      <chr>    <lis>
1 Pedro … 2020-05-05 21:37:41 2020-05-05 14:20:18 <NULL>      "O Alga… <NUL…
# … with 2 more variables: title <chr>, url <chr>
# A tibble: 1 x 8
  authors date_download       date_publish        description maintext text 
  <chr>   <dttm>              <dttm>              <list>      <chr>    <lis>
1 Sul In… 2020-05-05 21:37:42 2020-05-05 15:50:39 <NULL>      "A AMAL… <NUL…
# … with 2 more variables: title <chr>, url <chr>
# A tibble: 1 x 8
  authors date_download       date_publish description maintext text  title
  <chr>   <dttm>              <list>       <list>      <chr>    <lis> <chr>
1 Notíci… 2020-05-05 21:37:43 <NULL>       <NULL>      "As pro… <NUL… Prov…
# … with 1 more variable: url <chr>
# A tibble: 1 x 8
  authors date_download       date_publish description maintext text  title
  <chr>   <dttm>              <list>       <list>      <chr>    <lis> <chr>
1 Notíci… 2020-05-05 21:37:44 <NULL>       <NULL>      "“O que… <NUL… Conv…
# … with 1 more variable: url <chr>
# A tibble: 1 x 8
  authors date_download       date_publish description maintext text  title
  <chr>   <dttm>              <list>       <list>      <chr>    <lis> <chr>
1 Notíci… 2020-05-05 21:37:45 <NULL>       <NULL>      "A Sant… <NUL… Sant…
# … with 1 more variable: url <chr>
# A tibble: 1 x 8
  authors date_download       date_publish description maintext text  title
  <chr>   <dttm>              <list>       <list>      <chr>    <lis> <chr>
1 Notíci… 2020-05-05 21:37:46 <NULL>       <NULL>      "Os ban… <NUL… Coim…
# … with 1 more variable: url <chr>
# A tibble: 1 x 8
  authors date_download       date_publish description maintext text  title
  <chr>   <dttm>              <list>       <list>      <chr>    <lis> <chr>
1 Notíci… 2020-05-05 21:37:48 <NULL>       <NULL>      "Mais d… <NUL… 2.30…
# … with 1 more variable: url <chr>
# A tibble: 1 x 8
  authors date_download       date_publish description maintext text  title
  <chr>   <dttm>              <list>       <list>      <chr>    <lis> <chr>
1 Notíci… 2020-05-05 21:37:48 <NULL>       <NULL>      "O PEV … <NUL… PEV …
# … with 1 more variable: url <chr>
# A tibble: 1 x 8
  authors date_download       date_publish        description maintext text 
  <chr>   <dttm>              <dttm>              <list>      <chr>    <lis>
1 Pedro … 2020-05-05 21:37:49 2020-05-05 17:36:23 <NULL>      "«Este … <NUL…
# … with 2 more variables: title <chr>, url <chr>
# A tibble: 1 x 8
  authors date_download       date_publish description maintext text  title
  <chr>   <dttm>              <list>       <list>      <chr>    <lis> <chr>
1 Notíci… 2020-05-05 21:37:50 <NULL>       <NULL>      "O prim… <NUL… Prim…
# … with 1 more variable: url <chr>
# A tibble: 1 x 8
  authors date_download       date_publish description maintext text  title
  <chr>   <dttm>              <list>       <list>      <chr>    <lis> <chr>
1 Notíci… 2020-05-05 21:37:51 <NULL>       <NULL>      "Os sin… <NUL… Sind…
# … with 1 more variable: url <chr>
# A tibble: 0 x 0
# A tibble: 1 x 8
  authors date_download       date_publish        description maintext text 
  <chr>   <dttm>              <dttm>              <chr>       <chr>    <lis>
1 João P… 2020-05-05 21:37:53 2020-05-05 15:22:13 Noticiário… "À seme… <NUL…
# … with 2 more variables: title <chr>, url <chr>
# A tibble: 1 x 8
  authors date_download       date_publish description maintext text  title
  <chr>   <dttm>              <list>       <list>      <chr>    <lis> <chr>
1 Notíci… 2020-05-05 21:37:53 <NULL>       <NULL>      "A Morc… <NUL… Asso…
# … with 1 more variable: url <chr>
# A tibble: 1 x 8
  authors date_download       date_publish description maintext text  title
  <chr>   <dttm>              <list>       <list>      <chr>    <lis> <chr>
1 Notíci… 2020-05-05 21:37:54 <NULL>       <NULL>      "O mini… <NUL… Houv…
# … with 1 more variable: url <chr>
# A tibble: 1 x 8
  authors date_download       date_publish        description maintext text 
  <chr>   <dttm>              <dttm>              <list>      <chr>    <lis>
1 Pedro … 2020-05-05 21:37:54 2020-05-05 14:25:49 <NULL>      "O Fare… <NUL…
# … with 2 more variables: title <chr>, url <chr>
# A tibble: 0 x 0
# A tibble: 1 x 8
  authors date_download       date_publish description maintext text  title
  <chr>   <dttm>              <list>       <list>      <chr>    <lis> <chr>
1 Notíci… 2020-05-05 21:37:56 <NULL>       <NULL>      "Portug… <NUL… Port…
# … with 1 more variable: url <chr>
# A tibble: 0 x 0
# A tibble: 1 x 8
  authors date_download       date_publish description maintext text  title
  <chr>   <dttm>              <list>       <list>      <chr>    <lis> <chr>
1 Rui Av… 2020-05-05 21:37:58 <NULL>       <NULL>      "O empr… <NUL… Aprí…
# … with 1 more variable: url <chr>
# A tibble: 1 x 8
  authors date_download       date_publish description maintext text  title
  <chr>   <dttm>              <list>       <list>      <chr>    <lis> <chr>
1 Notíci… 2020-05-05 21:38:00 <NULL>       <NULL>      "A mini… <NUL… Mini…
# … with 1 more variable: url <chr>
# A tibble: 1 x 8
  authors date_download       date_publish        description maintext text 
  <chr>   <dttm>              <dttm>              <list>      <chr>    <lis>
1 Agênci… 2020-05-05 21:38:00 2020-05-05 14:15:49 <NULL>      "O cons… <NUL…
# … with 2 more variables: title <chr>, url <chr>
# A tibble: 0 x 0
# A tibble: 1 x 8
  authors date_download       date_publish        description maintext text 
  <chr>   <dttm>              <dttm>              <list>      <chr>    <lis>
1 Pedro … 2020-05-05 21:38:02 2020-05-05 18:13:02 <NULL>      "Sérgio… <NUL…
# … with 2 more variables: title <chr>, url <chr>
# A tibble: 1 x 8
  authors date_download       date_publish description maintext text  title
  <chr>   <dttm>              <list>       <list>      <chr>    <lis> <chr>
1 Notíci… 2020-05-05 21:38:02 <NULL>       <NULL>      "Vários… <NUL… Famí…
# … with 1 more variable: url <chr>
# A tibble: 1 x 8
  authors date_download       date_publish        description maintext text 
  <chr>   <dttm>              <dttm>              <list>      <chr>    <lis>
1 Sul In… 2020-05-05 21:38:03 2020-05-05 17:54:42 <NULL>      "Oito I… <NUL…
# … with 2 more variables: title <chr>, url <chr>
# A tibble: 1 x 8
  authors date_download       date_publish        description maintext text 
  <chr>   <dttm>              <dttm>              <list>      <chr>    <lis>
1 Sul In… 2020-05-05 21:38:04 2020-05-05 18:07:13 <NULL>      "A Câma… <NUL…
# … with 2 more variables: title <chr>, url <chr>
# A tibble: 0 x 0
# A tibble: 1 x 8
  authors date_download       date_publish description maintext text  title
  <chr>   <dttm>              <list>       <list>      <chr>    <lis> <chr>
1 Notíci… 2020-05-05 21:38:06 <NULL>       <NULL>      "“Está … <NUL… Tran…
# … with 1 more variable: url <chr>
# A tibble: 0 x 0
# A tibble: 1 x 8
  authors date_download       date_publish        description maintext text 
  <chr>   <dttm>              <dttm>              <chr>       <chr>    <lis>
1 Rádio … 2020-05-05 21:38:08 2020-05-05 19:13:04 Pampilhosa… "Segund… <NUL…
# … with 2 more variables: title <chr>, url <chr>
# A tibble: 1 x 8
  authors date_download       date_publish        description maintext text 
  <chr>   <dttm>              <dttm>              <list>      <chr>    <lis>
1 Pedro … 2020-05-05 21:38:08 2020-05-05 15:54:07 <NULL>      "Rogéri… <NUL…
# … with 2 more variables: title <chr>, url <chr>
# A tibble: 0 x 0
# A tibble: 1 x 8
  authors date_download       date_publish        description maintext text 
  <chr>   <dttm>              <dttm>              <chr>       <chr>    <lis>
1 Rádio … 2020-05-05 21:38:10 2020-05-05 19:12:29 São Paulo,… "As cid… <NUL…
# … with 2 more variables: title <chr>, url <chr>
# A tibble: 1 x 8
  authors date_download       date_publish description maintext text  title
  <chr>   <dttm>              <list>       <list>      <chr>    <lis> <chr>
1 Notíci… 2020-05-05 21:38:10 <NULL>       <NULL>      "O valo… <NUL… Peix…
# … with 1 more variable: url <chr>
# A tibble: 1 x 8
  authors date_download       date_publish description maintext text  title
  <chr>   <dttm>              <list>       <list>      <chr>    <lis> <chr>
1 Notíci… 2020-05-05 21:38:11 <NULL>       <NULL>      "O Sant… <NUL… Reci…
# … with 1 more variable: url <chr>
# A tibble: 0 x 0
# A tibble: 0 x 0
# A tibble: 0 x 0
# A tibble: 0 x 0
# A tibble: 0 x 0
# A tibble: 0 x 0
# A tibble: 0 x 0
# A tibble: 0 x 0
# A tibble: 0 x 0
# A tibble: 0 x 0
# A tibble: 0 x 0
# A tibble: 0 x 0
# A tibble: 1 x 8
  authors date_download       date_publish        description maintext text 
  <chr>   <dttm>              <dttm>              <chr>       <chr>    <lis>
1 Notíci… 2020-05-05 21:38:42 2020-05-05 18:51:00 O novo cor… "De aco… <NUL…
# … with 2 more variables: title <chr>, url <chr>
# A tibble: 0 x 0
# A tibble: 2 x 8
  authors date_download       date_publish        description maintext text 
  <chr>   <dttm>              <dttm>              <chr>       <chr>    <lis>
1 Global… 2020-05-05 21:42:01 2020-05-05 18:31:00 A empresa … "No doc… <NUL…
2 Maria … 2020-05-05 21:42:01 2020-05-05 18:31:00 A empresa … "No doc… <NUL…
# … with 2 more variables: title <chr>, url <chr>
# A tibble: 2 x 8
  authors date_download       date_publish        description maintext text 
  <chr>   <dttm>              <dttm>              <chr>       <chr>    <lis>
1 Global… 2020-05-05 21:42:01 2020-05-05 18:47:00 O Santuári… "© Nuno… <NUL…
2 Tsf Lu… 2020-05-05 21:42:01 2020-05-05 18:47:00 O Santuári… "© Nuno… <NUL…
# … with 2 more variables: title <chr>, url <chr>
# A tibble: 2 x 8
  authors date_download       date_publish        description maintext text 
  <chr>   <dttm>              <dttm>              <chr>       <chr>    <lis>
1 Global… 2020-05-05 21:42:02 2020-05-05 18:57:00 "″Sempre a… "O chef… <NUL…
2 Teresa… 2020-05-05 21:42:02 2020-05-05 18:57:00 "″Sempre a… "O chef… <NUL…
# … with 2 more variables: title <chr>, url <chr>
# A tibble: 0 x 0
# A tibble: 0 x 0
# A tibble: 2 x 8
  authors date_download       date_publish        description maintext text 
  <chr>   <dttm>              <dttm>              <chr>       <chr>    <lis>
1 Global… 2020-05-05 21:42:06 2020-05-05 18:15:00 Audrey Azo… "© Pedr… <NUL…
2 Tsf Lu… 2020-05-05 21:42:06 2020-05-05 18:15:00 Audrey Azo… "© Pedr… <NUL…
# … with 2 more variables: title <chr>, url <chr>
# A tibble: 0 x 0
# A tibble: 0 x 0
# A tibble: 0 x 0
# A tibble: 0 x 0
# A tibble: 0 x 0
# A tibble: 0 x 0
# A tibble: 0 x 0
# A tibble: 1 x 8
  authors date_download       date_publish        description maintext text 
  <chr>   <dttm>              <dttm>              <chr>       <chr>    <lis>
1 Global… 2020-05-05 21:42:19 2020-05-05 18:25:00 O ministro… "Detenç… <NUL…
# … with 2 more variables: title <chr>, url <chr>
# A tibble: 0 x 0
# A tibble: 0 x 0
# A tibble: 0 x 0
# A tibble: 1 x 8
  authors date_download       date_publish        description maintext text 
  <chr>   <dttm>              <dttm>              <chr>       <list>   <lis>
1 Notíci… 2020-05-05 21:42:26 2020-05-05 18:41:07 A companhe… <NULL>   <NUL…
# … with 2 more variables: title <chr>, url <chr>
# A tibble: 0 x 0
# A tibble: 1 x 8
  authors date_download       date_publish        description maintext text 
  <chr>   <dttm>              <dttm>              <chr>       <chr>    <lis>
1 Filipa… 2020-05-05 21:42:28 2020-05-05 18:58:00 Um agente … "Um age… <NUL…
# … with 2 more variables: title <chr>, url <chr>
# A tibble: 1 x 8
  authors date_download       date_publish        description maintext text 
  <chr>   <dttm>              <dttm>              <chr>       <list>   <lis>
1 Silvia… 2020-05-05 21:42:29 2020-05-05 18:53:00 Os salões … <NULL>   <NUL…
# … with 2 more variables: title <chr>, url <chr>
# A tibble: 0 x 0
# A tibble: 0 x 0
# A tibble: 3 x 8
  authors date_download       date_publish description maintext text  title
  <chr>   <dttm>              <list>       <chr>       <chr>    <lis> <chr>
1 Destak  2020-05-05 21:42:33 <NULL>       As últimas… "Actual… <NUL… Aval…
2 Leitor… 2020-05-05 21:42:33 <NULL>       As últimas… "Actual… <NUL… Aval…
3 Destak… 2020-05-05 21:42:33 <NULL>       As últimas… "Actual… <NUL… Aval…
# … with 1 more variable: url <chr>
# A tibble: 0 x 0
# A tibble: 3 x 8
  authors date_download       date_publish description maintext text  title
  <chr>   <dttm>              <list>       <chr>       <chr>    <lis> <chr>
1 Destak  2020-05-05 21:42:36 <NULL>       As últimas… "Covid-… <NUL… Mais…
2 Leitor… 2020-05-05 21:42:36 <NULL>       As últimas… "Covid-… <NUL… Mais…
3 Destak… 2020-05-05 21:42:36 <NULL>       As últimas… "Covid-… <NUL… Mais…
# … with 1 more variable: url <chr>
# A tibble: 1 x 8
  authors date_download       date_publish        description maintext text 
  <chr>   <dttm>              <dttm>              <chr>       <chr>    <lis>
1 Agênci… 2020-05-05 21:42:36 2020-05-05 19:34:00 Os Açores … "A Wort… <NUL…
# … with 2 more variables: title <chr>, url <chr>
# A tibble: 3 x 8
  authors date_download       date_publish description maintext text  title
  <chr>   <dttm>              <list>       <chr>       <chr>    <lis> <chr>
1 Destak  2020-05-05 21:42:37 <NULL>       As últimas… "Covid-… <NUL… Giro…
2 Leitor… 2020-05-05 21:42:37 <NULL>       As últimas… "Covid-… <NUL… Giro…
3 Destak… 2020-05-05 21:42:37 <NULL>       As últimas… "Covid-… <NUL… Giro…
# … with 1 more variable: url <chr>
# A tibble: 3 x 8
  authors date_download       date_publish description maintext text  title
  <chr>   <dttm>              <list>       <chr>       <chr>    <lis> <chr>
1 Destak  2020-05-05 21:42:37 <NULL>       As últimas… "Covid-… <NUL… "PM …
2 Leitor… 2020-05-05 21:42:37 <NULL>       As últimas… "Covid-… <NUL… "PM …
3 Destak… 2020-05-05 21:42:37 <NULL>       As últimas… "Covid-… <NUL… "PM …
# … with 1 more variable: url <chr>
# A tibble: 0 x 0
# A tibble: 3 x 8
  authors date_download       date_publish description maintext text  title
  <chr>   <dttm>              <list>       <chr>       <chr>    <lis> <chr>
1 Destak  2020-05-05 21:42:38 <NULL>       As últimas… "Covid-… <NUL… Açor…
2 Leitor… 2020-05-05 21:42:38 <NULL>       As últimas… "Covid-… <NUL… Açor…
3 Destak… 2020-05-05 21:42:38 <NULL>       As últimas… "Covid-… <NUL… Açor…
# … with 1 more variable: url <chr>
# A tibble: 3 x 8
  authors date_download       date_publish description maintext text  title
  <chr>   <dttm>              <list>       <chr>       <chr>    <lis> <chr>
1 Destak  2020-05-05 21:42:39 <NULL>       As últimas… "Covid-… <NUL… Cost…
2 Leitor… 2020-05-05 21:42:39 <NULL>       As últimas… "Covid-… <NUL… Cost…
3 Destak… 2020-05-05 21:42:39 <NULL>       As últimas… "Covid-… <NUL… Cost…
# … with 1 more variable: url <chr>
# A tibble: 3 x 8
  authors date_download       date_publish description maintext text  title
  <chr>   <dttm>              <list>       <chr>       <chr>    <lis> <chr>
1 Destak  2020-05-05 21:42:39 <NULL>       As últimas… "Actual… <NUL… "Tra…
2 Leitor… 2020-05-05 21:42:39 <NULL>       As últimas… "Actual… <NUL… "Tra…
3 Destak… 2020-05-05 21:42:39 <NULL>       As últimas… "Actual… <NUL… "Tra…
# … with 1 more variable: url <chr>
# A tibble: 4 x 8
  authors date_download       date_publish description maintext text  title
  <chr>   <dttm>              <list>       <chr>       <chr>    <lis> <chr>
1 Destak  2020-05-05 21:42:39 <NULL>       As últimas… "Covid-… <NUL… Mais…
2 Leitor… 2020-05-05 21:42:39 <NULL>       As últimas… "Covid-… <NUL… Mais…
3 Dono D… 2020-05-05 21:42:39 <NULL>       As últimas… "Covid-… <NUL… Mais…
4 Destak… 2020-05-05 21:42:39 <NULL>       As últimas… "Covid-… <NUL… Mais…
# … with 1 more variable: url <chr>
# A tibble: 3 x 8
  authors date_download       date_publish description maintext text  title
  <chr>   <dttm>              <list>       <chr>       <chr>    <lis> <chr>
1 Destak  2020-05-05 21:42:40 <NULL>       As últimas… "Covid-… <NUL… Cost…
2 Leitor… 2020-05-05 21:42:40 <NULL>       As últimas… "Covid-… <NUL… Cost…
3 Destak… 2020-05-05 21:42:40 <NULL>       As últimas… "Covid-… <NUL… Cost…
# … with 1 more variable: url <chr>
# A tibble: 3 x 8
  authors date_download       date_publish description maintext text  title
  <chr>   <dttm>              <list>       <chr>       <chr>    <lis> <chr>
1 Destak  2020-05-05 21:42:40 <NULL>       As últimas… "Actual… <NUL… Aval…
2 Leitor… 2020-05-05 21:42:40 <NULL>       As últimas… "Actual… <NUL… Aval…
3 Destak… 2020-05-05 21:42:40 <NULL>       As últimas… "Actual… <NUL… Aval…
# … with 1 more variable: url <chr>
# A tibble: 3 x 8
  authors date_download       date_publish description maintext text  title
  <chr>   <dttm>              <list>       <chr>       <chr>    <lis> <chr>
1 Destak  2020-05-05 21:42:41 <NULL>       As últimas… "Actual… <NUL… Elet…
2 Leitor… 2020-05-05 21:42:41 <NULL>       As últimas… "Actual… <NUL… Elet…
3 Destak… 2020-05-05 21:42:41 <NULL>       As últimas… "Actual… <NUL… Elet…
# … with 1 more variable: url <chr>
# A tibble: 3 x 8
  authors date_download       date_publish description maintext text  title
  <chr>   <dttm>              <list>       <chr>       <chr>    <lis> <chr>
1 Destak  2020-05-05 21:42:41 <NULL>       As últimas… "Actual… <NUL… Comi…
2 Leitor… 2020-05-05 21:42:41 <NULL>       As últimas… "Actual… <NUL… Comi…
3 Destak… 2020-05-05 21:42:41 <NULL>       As últimas… "Actual… <NUL… Comi…
# … with 1 more variable: url <chr>
# A tibble: 3 x 8
  authors date_download       date_publish description maintext text  title
  <chr>   <dttm>              <list>       <chr>       <chr>    <lis> <chr>
1 Destak  2020-05-05 21:42:42 <NULL>       As últimas… "Covid-… <NUL… "PSD…
2 Leitor… 2020-05-05 21:42:42 <NULL>       As últimas… "Covid-… <NUL… "PSD…
3 Destak… 2020-05-05 21:42:42 <NULL>       As últimas… "Covid-… <NUL… "PSD…
# … with 1 more variable: url <chr>
# A tibble: 3 x 8
  authors date_download       date_publish description maintext text  title
  <chr>   <dttm>              <list>       <chr>       <chr>    <lis> <chr>
1 Destak  2020-05-05 21:42:42 <NULL>       As últimas… "Moçamb… <NUL… Mapu…
2 Leitor… 2020-05-05 21:42:42 <NULL>       As últimas… "Moçamb… <NUL… Mapu…
3 Destak… 2020-05-05 21:42:42 <NULL>       As últimas… "Moçamb… <NUL… Mapu…
# … with 1 more variable: url <chr>
# A tibble: 0 x 0
# A tibble: 0 x 0
# A tibble: 1 x 8
  authors date_download       date_publish        description maintext text 
  <chr>   <dttm>              <dttm>              <chr>       <chr>    <lis>
1 Nuno M… 2020-05-05 21:42:50 2020-05-05 17:24:31 O WhatsApp… "O What… <NUL…
# … with 2 more variables: title <chr>, url <chr>
# A tibble: 0 x 0
# A tibble: 3 x 8
  authors date_download       date_publish description maintext text  title
  <chr>   <dttm>              <list>       <chr>       <chr>    <lis> <chr>
1 Destak  2020-05-05 21:42:52 <NULL>       As últimas… "Moçamb… <NUL… Mapu…
2 Leitor… 2020-05-05 21:42:52 <NULL>       As últimas… "Moçamb… <NUL… Mapu…
3 Destak… 2020-05-05 21:42:52 <NULL>       As últimas… "Moçamb… <NUL… Mapu…
# … with 1 more variable: url <chr>
# A tibble: 0 x 0
# A tibble: 3 x 8
  authors date_download       date_publish description maintext text  title
  <chr>   <dttm>              <list>       <chr>       <chr>    <lis> <chr>
1 Destak  2020-05-05 21:42:53 <NULL>       As últimas… "Covid-… <NUL… Cost…
2 Leitor… 2020-05-05 21:42:53 <NULL>       As últimas… "Covid-… <NUL… Cost…
3 Destak… 2020-05-05 21:42:53 <NULL>       As últimas… "Covid-… <NUL… Cost…
# … with 1 more variable: url <chr>
# A tibble: 0 x 0
# A tibble: 0 x 0
# A tibble: 0 x 0
# A tibble: 3 x 8
  authors date_download       date_publish description maintext text  title
  <chr>   <dttm>              <list>       <chr>       <chr>    <lis> <chr>
1 Destak  2020-05-05 21:42:55 <NULL>       As últimas… "Covid-… <NUL… Mais…
2 Leitor… 2020-05-05 21:42:55 <NULL>       As últimas… "Covid-… <NUL… Mais…
3 Destak… 2020-05-05 21:42:55 <NULL>       As últimas… "Covid-… <NUL… Mais…
# … with 1 more variable: url <chr>
# A tibble: 3 x 8
  authors date_download       date_publish description maintext text  title
  <chr>   <dttm>              <list>       <chr>       <chr>    <lis> <chr>
1 Destak  2020-05-05 21:42:56 <NULL>       As últimas… "Actual… <NUL… "\"T…
2 Leitor… 2020-05-05 21:42:56 <NULL>       As últimas… "Actual… <NUL… "\"T…
3 Destak… 2020-05-05 21:42:56 <NULL>       As últimas… "Actual… <NUL… "\"T…
# … with 1 more variable: url <chr>
# A tibble: 3 x 8
  authors date_download       date_publish description maintext text  title
  <chr>   <dttm>              <list>       <chr>       <chr>    <lis> <chr>
1 Destak  2020-05-05 21:42:56 <NULL>       As últimas… "Covid-… <NUL… "Cer…
2 Leitor… 2020-05-05 21:42:56 <NULL>       As últimas… "Covid-… <NUL… "Cer…
3 Destak… 2020-05-05 21:42:56 <NULL>       As últimas… "Covid-… <NUL… "Cer…
# … with 1 more variable: url <chr>
# A tibble: 1 x 8
  authors date_download       date_publish        description maintext text 
  <chr>   <dttm>              <dttm>              <chr>       <chr>    <lis>
1 Jn Agê… 2020-05-05 21:42:56 2020-05-05 18:06:00 A Organiza… "JN/Agê… <NUL…
# … with 2 more variables: title <chr>, url <chr>
# A tibble: 0 x 0
# A tibble: 1 x 8
  authors date_download       date_publish        description maintext text 
  <chr>   <dttm>              <dttm>              <chr>       <chr>    <lis>
1 Nuno B… 2020-05-05 21:42:58 2020-05-05 15:58:38 Hugo Araúj… "Motore… <NUL…
# … with 2 more variables: title <chr>, url <chr>
# A tibble: 3 x 8
  authors date_download       date_publish description maintext text  title
  <chr>   <dttm>              <list>       <chr>       <chr>    <lis> <chr>
1 Destak  2020-05-05 21:42:58 <NULL>       As últimas… "Actual… <NUL… Reem…
2 Leitor… 2020-05-05 21:42:58 <NULL>       As últimas… "Actual… <NUL… Reem…
3 Destak… 2020-05-05 21:42:58 <NULL>       As últimas… "Actual… <NUL… Reem…
# … with 1 more variable: url <chr>
# A tibble: 2 x 8
  authors date_download       date_publish        description maintext text 
  <chr>   <dttm>              <dttm>              <chr>       <chr>    <lis>
1 Global… 2020-05-05 21:42:59 2020-05-05 18:32:00 Alexandra … "Alexan… <NUL…
2 Tsf Lu… 2020-05-05 21:42:59 2020-05-05 18:32:00 Alexandra … "Alexan… <NUL…
# … with 2 more variables: title <chr>, url <chr>
# A tibble: 3 x 8
  authors date_download       date_publish description maintext text  title
  <chr>   <dttm>              <list>       <chr>       <chr>    <lis> <chr>
1 Destak  2020-05-05 21:42:59 <NULL>       As últimas… "Covid-… <NUL… Mais…
2 Leitor… 2020-05-05 21:42:59 <NULL>       As últimas… "Covid-… <NUL… Mais…
3 Destak… 2020-05-05 21:42:59 <NULL>       As últimas… "Covid-… <NUL… Mais…
# … with 1 more variable: url <chr>
# A tibble: 0 x 0
# A tibble: 3 x 8
  authors date_download       date_publish description maintext text  title
  <chr>   <dttm>              <list>       <chr>       <chr>    <lis> <chr>
1 Destak  2020-05-05 21:43:00 <NULL>       As últimas… "Covid-… <NUL… Açor…
2 Leitor… 2020-05-05 21:43:00 <NULL>       As últimas… "Covid-… <NUL… Açor…
3 Destak… 2020-05-05 21:43:00 <NULL>       As últimas… "Covid-… <NUL… Açor…
# … with 1 more variable: url <chr>
# A tibble: 1 x 8
  authors date_download       date_publish        description maintext text 
  <chr>   <dttm>              <dttm>              <chr>       <chr>    <lis>
1 Nuno M… 2020-05-05 21:43:01 2020-02-10 01:00:00 A Microsof… "A Micr… <NUL…
# … with 2 more variables: title <chr>, url <chr>
# A tibble: 3 x 8
  authors date_download       date_publish description maintext text  title
  <chr>   <dttm>              <list>       <chr>       <chr>    <lis> <chr>
1 Destak  2020-05-05 21:43:01 <NULL>       As últimas… "Covid-… <NUL… "PM …
2 Leitor… 2020-05-05 21:43:01 <NULL>       As últimas… "Covid-… <NUL… "PM …
3 Destak… 2020-05-05 21:43:01 <NULL>       As últimas… "Covid-… <NUL… "PM …
# … with 1 more variable: url <chr>
# A tibble: 1 x 8
  authors date_download       date_publish        description maintext text 
  <chr>   <dttm>              <dttm>              <chr>       <chr>    <lis>
1 Jn Agê… 2020-05-05 21:43:02 2020-05-05 18:15:00 A Autorida… "JN/Agê… <NUL…
# … with 2 more variables: title <chr>, url <chr>
# A tibble: 1 x 8
  authors date_download       date_publish        description maintext text 
  <chr>   <dttm>              <dttm>              <chr>       <chr>    <lis>
1 Nuno M… 2020-05-05 21:43:03 2020-05-05 16:49:57 Ainda se l… "Ainda … <NUL…
# … with 2 more variables: title <chr>, url <chr>
# A tibble: 3 x 8
  authors date_download       date_publish description maintext text  title
  <chr>   <dttm>              <list>       <chr>       <chr>    <lis> <chr>
1 Destak  2020-05-05 21:43:03 <NULL>       As últimas… "Moçamb… <NUL… "EUA…
2 Leitor… 2020-05-05 21:43:03 <NULL>       As últimas… "Moçamb… <NUL… "EUA…
3 Destak… 2020-05-05 21:43:03 <NULL>       As últimas… "Moçamb… <NUL… "EUA…
# … with 1 more variable: url <chr>
# A tibble: 0 x 0
# A tibble: 3 x 8
  authors date_download       date_publish description maintext text  title
  <chr>   <dttm>              <list>       <chr>       <chr>    <lis> <chr>
1 Destak  2020-05-05 21:43:05 <NULL>       As últimas… "Covid-… <NUL… Mais…
2 Leitor… 2020-05-05 21:43:05 <NULL>       As últimas… "Covid-… <NUL… Mais…
3 Destak… 2020-05-05 21:43:05 <NULL>       As últimas… "Covid-… <NUL… Mais…
# … with 1 more variable: url <chr>
# A tibble: 1 x 8
  authors date_download       date_publish        description maintext text 
  <chr>   <dttm>              <dttm>              <chr>       <chr>    <lis>
1 Nuno M… 2020-05-05 21:43:05 2020-05-05 15:44:22 Estava à e… "Estava… <NUL…
# … with 2 more variables: title <chr>, url <chr>
# A tibble: 3 x 8
  authors date_download       date_publish description maintext text  title
  <chr>   <dttm>              <list>       <chr>       <chr>    <lis> <chr>
1 Destak  2020-05-05 21:43:05 <NULL>       As últimas… "Covid-… <NUL… Cost…
2 Leitor… 2020-05-05 21:43:05 <NULL>       As últimas… "Covid-… <NUL… Cost…
3 Destak… 2020-05-05 21:43:05 <NULL>       As últimas… "Covid-… <NUL… Cost…
# … with 1 more variable: url <chr>
# A tibble: 3 x 8
  authors date_download       date_publish description maintext text  title
  <chr>   <dttm>              <list>       <chr>       <chr>    <lis> <chr>
1 Destak  2020-05-05 21:43:06 <NULL>       As últimas… "Covid-… <NUL… Açor…
2 Leitor… 2020-05-05 21:43:06 <NULL>       As últimas… "Covid-… <NUL… Açor…
3 Destak… 2020-05-05 21:43:06 <NULL>       As últimas… "Covid-… <NUL… Açor…
# … with 1 more variable: url <chr>
# A tibble: 3 x 8
  authors date_download       date_publish description maintext text  title
  <chr>   <dttm>              <list>       <chr>       <chr>    <lis> <chr>
1 Destak  2020-05-05 21:43:06 <NULL>       As últimas… "Covid-… <NUL… "PSD…
2 Leitor… 2020-05-05 21:43:06 <NULL>       As últimas… "Covid-… <NUL… "PSD…
3 Destak… 2020-05-05 21:43:06 <NULL>       As últimas… "Covid-… <NUL… "PSD…
# … with 1 more variable: url <chr>
# A tibble: 1 x 8
  authors date_download       date_publish        description maintext text 
  <chr>   <dttm>              <dttm>              <chr>       <chr>    <lis>
1 Jn Agê… 2020-05-05 21:43:07 2020-05-05 18:38:00 "O ministr… "JN/Agê… <NUL…
# … with 2 more variables: title <chr>, url <chr>
# A tibble: 3 x 8
  authors date_download       date_publish description maintext text  title
  <chr>   <dttm>              <list>       <chr>       <chr>    <lis> <chr>
1 Destak  2020-05-05 21:43:07 <NULL>       As últimas… "Covid-… <NUL… "PM …
2 Leitor… 2020-05-05 21:43:07 <NULL>       As últimas… "Covid-… <NUL… "PM …
3 Destak… 2020-05-05 21:43:07 <NULL>       As últimas… "Covid-… <NUL… "PM …
# … with 1 more variable: url <chr>
# A tibble: 0 x 0
# A tibble: 0 x 0
# A tibble: 0 x 0
# A tibble: 0 x 0
# A tibble: 0 x 0
# A tibble: 0 x 0
# A tibble: 0 x 0
# A tibble: 0 x 0
# A tibble: 0 x 0
# A tibble: 0 x 0
# A tibble: 0 x 0
# A tibble: 0 x 0
# A tibble: 0 x 0
# A tibble: 0 x 0
# A tibble: 0 x 0
# A tibble: 0 x 0
# A tibble: 0 x 0
# A tibble: 0 x 0
# A tibble: 0 x 0
# A tibble: 0 x 0
# A tibble: 0 x 0
# A tibble: 0 x 0
# A tibble: 0 x 0
# A tibble: 0 x 0
# A tibble: 0 x 0
# A tibble: 0 x 0
# A tibble: 0 x 0
# A tibble: 0 x 0
# A tibble: 0 x 0
# A tibble: 0 x 0
# A tibble: 0 x 0
# A tibble: 0 x 0
# A tibble: 0 x 0
# A tibble: 0 x 0
# A tibble: 0 x 0
Joining, by = c("titleArticle", "urlArticle")
Error in curl::curl_fetch_memory(url, handle = handle): Could not resolve host: api.dbpedia-spotlight.org
Request failed [ERROR]. Retrying in 15 seconds...
Error in curl::curl_fetch_memory(url, handle = handle): SSL certificate problem: unable to get local issuer certificate
Request failed [ERROR]. Retrying in 15 seconds...

Request refused.
NULL
Joining, by = "doc_id"
  |                                                                              |======================================================================| 100%
Error in curl::curl_fetch_memory(url, handle = handle): SSL certificate problem: unable to get local issuer certificate
Request failed [ERROR]. Retrying in 15 seconds...
Error in curl::curl_fetch_memory(url, handle = handle): SSL certificate problem: unable to get local issuer certificate
Request failed [ERROR]. Retrying in 15 seconds...

Request refused.
NULL
Joining, by = "doc_id"
  |                                                                              |======================================================================| 100%
Error in curl::curl_fetch_memory(url, handle = handle): SSL certificate problem: unable to get local issuer certificate
Request failed [ERROR]. Retrying in 15 seconds...
Error in curl::curl_fetch_memory(url, handle = handle): SSL certificate problem: unable to get local issuer certificate
Request failed [ERROR]. Retrying in 15 seconds...

Request refused.
NULL
Joining, by = "doc_id"
  |                                                                              |======================================================================| 100%
Error in curl::curl_fetch_memory(url, handle = handle): SSL certificate problem: unable to get local issuer certificate
Request failed [ERROR]. Retrying in 15 seconds...
Error in curl::curl_fetch_memory(url, handle = handle): SSL certificate problem: unable to get local issuer certificate
Request failed [ERROR]. Retrying in 15 seconds...

Request refused.
NULL
Joining, by = "doc_id"
  |                                                                              |======================================================================| 100%
Error in curl::curl_fetch_memory(url, handle = handle): SSL certificate problem: unable to get local issuer certificate
Request failed [ERROR]. Retrying in 15 seconds...
Error in curl::curl_fetch_memory(url, handle = handle): SSL certificate problem: unable to get local issuer certificate
Request failed [ERROR]. Retrying in 15 seconds...

Request refused.
NULL
Joining, by = "doc_id"
  |                                                                              |======================================================================| 100%
Error in curl::curl_fetch_memory(url, handle = handle): SSL certificate problem: unable to get local issuer certificate
Request failed [ERROR]. Retrying in 15 seconds...
Error in curl::curl_fetch_memory(url, handle = handle): SSL certificate problem: unable to get local issuer certificate
Request failed [ERROR]. Retrying in 15 seconds...

Request refused.
NULL
Joining, by = "doc_id"
  |                                                                              |======================================================================| 100%
Error in curl::curl_fetch_memory(url, handle = handle): SSL certificate problem: unable to get local issuer certificate
Request failed [ERROR]. Retrying in 15 seconds...
Error in curl::curl_fetch_memory(url, handle = handle): SSL certificate problem: unable to get local issuer certificate
Request failed [ERROR]. Retrying in 15 seconds...

Request refused.
NULL
Joining, by = "doc_id"
  |                                                                              |======================================================================| 100%
Error in curl::curl_fetch_memory(url, handle = handle): SSL certificate problem: unable to get local issuer certificate
Request failed [ERROR]. Retrying in 15 seconds...
Error in curl::curl_fetch_memory(url, handle = handle): SSL certificate problem: unable to get local issuer certificate
Request failed [ERROR]. Retrying in 15 seconds...

Request refused.
NULL
Joining, by = "doc_id"
  |                                                                              |======================================================================| 100%
Error in curl::curl_fetch_memory(url, handle = handle): SSL certificate problem: unable to get local issuer certificate
Request failed [ERROR]. Retrying in 15 seconds...
Error in curl::curl_fetch_memory(url, handle = handle): SSL certificate problem: unable to get local issuer certificate
Request failed [ERROR]. Retrying in 15 seconds...

Request refused.
NULL
Joining, by = "doc_id"
  |                                                                              |======================================================================| 100%
Error in curl::curl_fetch_memory(url, handle = handle): SSL certificate problem: unable to get local issuer certificate
Request failed [ERROR]. Retrying in 15 seconds...
Error in curl::curl_fetch_memory(url, handle = handle): SSL certificate problem: unable to get local issuer certificate
Request failed [ERROR]. Retrying in 15 seconds...

Request refused.
NULL
Joining, by = "doc_id"
  |                                                                              |======================================================================| 100%
Error in curl::curl_fetch_memory(url, handle = handle): SSL certificate problem: unable to get local issuer certificate
Request failed [ERROR]. Retrying in 15 seconds...
Error in curl::curl_fetch_memory(url, handle = handle): SSL certificate problem: unable to get local issuer certificate
Request failed [ERROR]. Retrying in 15 seconds...

Request refused.
NULL
Joining, by = "doc_id"
  |                                                                              |======================================================================| 100%
Error in curl::curl_fetch_memory(url, handle = handle): SSL certificate problem: unable to get local issuer certificate
Request failed [ERROR]. Retrying in 15 seconds...
Error in curl::curl_fetch_memory(url, handle = handle): SSL certificate problem: unable to get local issuer certificate
Request failed [ERROR]. Retrying in 15 seconds...

Request refused.
NULL
Joining, by = "doc_id"
  |                                                                              |======================================================================| 100%
Error in curl::curl_fetch_memory(url, handle = handle): SSL certificate problem: unable to get local issuer certificate
Request failed [ERROR]. Retrying in 15 seconds...
Error in curl::curl_fetch_memory(url, handle = handle): SSL certificate problem: unable to get local issuer certificate
Request failed [ERROR]. Retrying in 15 seconds...

Request refused.
NULL
Joining, by = "doc_id"
  |                                                                              |======================================================================| 100%
Error in curl::curl_fetch_memory(url, handle = handle): SSL certificate problem: unable to get local issuer certificate
Request failed [ERROR]. Retrying in 15 seconds...
Error in curl::curl_fetch_memory(url, handle = handle): SSL certificate problem: unable to get local issuer certificate
Request failed [ERROR]. Retrying in 15 seconds...

Request refused.
NULL
Joining, by = "doc_id"
  |                                                                              |======================================================================| 100%
Error in curl::curl_fetch_memory(url, handle = handle): SSL certificate problem: unable to get local issuer certificate
Request failed [ERROR]. Retrying in 15 seconds...
Error in curl::curl_fetch_memory(url, handle = handle): SSL certificate problem: unable to get local issuer certificate
Request failed [ERROR]. Retrying in 15 seconds...

Request refused.
NULL
Joining, by = "doc_id"
  |                                                                              |======================================================================| 100%
Error in curl::curl_fetch_memory(url, handle = handle): SSL certificate problem: unable to get local issuer certificate
Request failed [ERROR]. Retrying in 15 seconds...
Error in curl::curl_fetch_memory(url, handle = handle): SSL certificate problem: unable to get local issuer certificate
Request failed [ERROR]. Retrying in 15 seconds...

Request refused.
NULL
Joining, by = "doc_id"
  |                                                                              |======================================================================| 100%
Error in curl::curl_fetch_memory(url, handle = handle): SSL certificate problem: unable to get local issuer certificate
Request failed [ERROR]. Retrying in 15 seconds...
Error in curl::curl_fetch_memory(url, handle = handle): SSL certificate problem: unable to get local issuer certificate
Request failed [ERROR]. Retrying in 15 seconds...

Request refused.
NULL
Joining, by = "doc_id"
  |                                                                              |======================================================================| 100%
Error in curl::curl_fetch_memory(url, handle = handle): SSL certificate problem: unable to get local issuer certificate
Request failed [ERROR]. Retrying in 15 seconds...
Error in curl::curl_fetch_memory(url, handle = handle): SSL certificate problem: unable to get local issuer certificate
Request failed [ERROR]. Retrying in 15 seconds...

Request refused.
NULL
Joining, by = "doc_id"
  |                                                                              |======================================================================| 100%
Error in curl::curl_fetch_memory(url, handle = handle): SSL certificate problem: unable to get local issuer certificate
Request failed [ERROR]. Retrying in 15 seconds...
Error in curl::curl_fetch_memory(url, handle = handle): SSL certificate problem: unable to get local issuer certificate
Request failed [ERROR]. Retrying in 15 seconds...

Request refused.
NULL
Joining, by = "doc_id"
  |                                                                              |======================================================================| 100%
Error in curl::curl_fetch_memory(url, handle = handle): SSL certificate problem: unable to get local issuer certificate
Request failed [ERROR]. Retrying in 15 seconds...
Error in curl::curl_fetch_memory(url, handle = handle): SSL certificate problem: unable to get local issuer certificate
Request failed [ERROR]. Retrying in 15 seconds...

Request refused.
NULL
Joining, by = "doc_id"
  |                                                                              |======================================================================| 100%
Error in curl::curl_fetch_memory(url, handle = handle): SSL certificate problem: unable to get local issuer certificate
Request failed [ERROR]. Retrying in 15 seconds...
Error in curl::curl_fetch_memory(url, handle = handle): SSL certificate problem: unable to get local issuer certificate
Request failed [ERROR]. Retrying in 15 seconds...

Request refused.
NULL
Joining, by = "doc_id"
  |                                                                              |======================================================================| 100%
Error in curl::curl_fetch_memory(url, handle = handle): SSL certificate problem: unable to get local issuer certificate
Request failed [ERROR]. Retrying in 15 seconds...
Error in curl::curl_fetch_memory(url, handle = handle): SSL certificate problem: unable to get local issuer certificate
Request failed [ERROR]. Retrying in 15 seconds...

Request refused.
NULL
Joining, by = "doc_id"
  |                                                                              |======================================================================| 100%
Error in curl::curl_fetch_memory(url, handle = handle): SSL certificate problem: unable to get local issuer certificate
Request failed [ERROR]. Retrying in 15 seconds...
Error in curl::curl_fetch_memory(url, handle = handle): SSL certificate problem: unable to get local issuer certificate
Request failed [ERROR]. Retrying in 15 seconds...

Request refused.
NULL
Joining, by = "doc_id"
  |                                                                              |======================================================================| 100%
Error in curl::curl_fetch_memory(url, handle = handle): SSL certificate problem: unable to get local issuer certificate
Request failed [ERROR]. Retrying in 15 seconds...
Error in curl::curl_fetch_memory(url, handle = handle): SSL certificate problem: unable to get local issuer certificate
Request failed [ERROR]. Retrying in 15 seconds...

Request refused.
NULL
Joining, by = "doc_id"
  |                                                                              |======================================================================| 100%
Error in curl::curl_fetch_memory(url, handle = handle): SSL certificate problem: unable to get local issuer certificate
Request failed [ERROR]. Retrying in 15 seconds...
Error in curl::curl_fetch_memory(url, handle = handle): SSL certificate problem: unable to get local issuer certificate
Request failed [ERROR]. Retrying in 15 seconds...

Request refused.
NULL
Joining, by = "doc_id"
  |                                                                              |======================================================================| 100%
Error in curl::curl_fetch_memory(url, handle = handle): SSL certificate problem: unable to get local issuer certificate
Request failed [ERROR]. Retrying in 15 seconds...
Error in curl::curl_fetch_memory(url, handle = handle): SSL certificate problem: unable to get local issuer certificate
Request failed [ERROR]. Retrying in 15 seconds...

Request refused.
NULL
Joining, by = "doc_id"
  |                                                                              |======================================================================| 100%
Error in curl::curl_fetch_memory(url, handle = handle): SSL certificate problem: unable to get local issuer certificate
Request failed [ERROR]. Retrying in 15 seconds...
Error in curl::curl_fetch_memory(url, handle = handle): SSL certificate problem: unable to get local issuer certificate
Request failed [ERROR]. Retrying in 15 seconds...

Request refused.
NULL
Joining, by = "doc_id"
  |                                                                              |======================================================================| 100%
Error in curl::curl_fetch_memory(url, handle = handle): SSL certificate problem: unable to get local issuer certificate
Request failed [ERROR]. Retrying in 15 seconds...
Error in curl::curl_fetch_memory(url, handle = handle): SSL certificate problem: unable to get local issuer certificate
Request failed [ERROR]. Retrying in 15 seconds...

Request refused.
NULL
Joining, by = "doc_id"
  |                                                                              |======================================================================| 100%
Error in curl::curl_fetch_memory(url, handle = handle): SSL certificate problem: unable to get local issuer certificate
Request failed [ERROR]. Retrying in 15 seconds...
Error in curl::curl_fetch_memory(url, handle = handle): SSL certificate problem: unable to get local issuer certificate
Request failed [ERROR]. Retrying in 15 seconds...

Request refused.
NULL
Joining, by = "doc_id"
  |                                                                              |======================================================================| 100%
Error in curl::curl_fetch_memory(url, handle = handle): SSL certificate problem: unable to get local issuer certificate
Request failed [ERROR]. Retrying in 15 seconds...
Error in curl::curl_fetch_memory(url, handle = handle): SSL certificate problem: unable to get local issuer certificate
Request failed [ERROR]. Retrying in 15 seconds...

Request refused.
NULL
Joining, by = "doc_id"
  |                                                                              |======================================================================| 100%
Error in curl::curl_fetch_memory(url, handle = handle): SSL certificate problem: unable to get local issuer certificate
Request failed [ERROR]. Retrying in 15 seconds...
Error in curl::curl_fetch_memory(url, handle = handle): SSL certificate problem: unable to get local issuer certificate
Request failed [ERROR]. Retrying in 15 seconds...

Request refused.
NULL
Joining, by = "doc_id"
  |                                                                              |======================================================================| 100%
Error in curl::curl_fetch_memory(url, handle = handle): SSL certificate problem: unable to get local issuer certificate
Request failed [ERROR]. Retrying in 15 seconds...
Error in curl::curl_fetch_memory(url, handle = handle): SSL certificate problem: unable to get local issuer certificate
Request failed [ERROR]. Retrying in 15 seconds...

Request refused.
NULL
Joining, by = "doc_id"
  |                                                                              |======================================================================| 100%
Error in curl::curl_fetch_memory(url, handle = handle): SSL certificate problem: unable to get local issuer certificate
Request failed [ERROR]. Retrying in 15 seconds...
Error in curl::curl_fetch_memory(url, handle = handle): SSL certificate problem: unable to get local issuer certificate
Request failed [ERROR]. Retrying in 15 seconds...

Request refused.
NULL
Joining, by = "doc_id"
  |                                                                              |======================================================================| 100%
Error in curl::curl_fetch_memory(url, handle = handle): SSL certificate problem: unable to get local issuer certificate
Request failed [ERROR]. Retrying in 15 seconds...
Error in curl::curl_fetch_memory(url, handle = handle): SSL certificate problem: unable to get local issuer certificate
Request failed [ERROR]. Retrying in 15 seconds...

Request refused.
NULL
Joining, by = "doc_id"
  |                                                                              |======================================================================| 100%
Error in curl::curl_fetch_memory(url, handle = handle): SSL certificate problem: unable to get local issuer certificate
Request failed [ERROR]. Retrying in 15 seconds...
Error in curl::curl_fetch_memory(url, handle = handle): SSL certificate problem: unable to get local issuer certificate
Request failed [ERROR]. Retrying in 15 seconds...

Request refused.
NULL
Joining, by = "doc_id"
  |                                                                              |======================================================================| 100%
Error in curl::curl_fetch_memory(url, handle = handle): SSL certificate problem: unable to get local issuer certificate
Request failed [ERROR]. Retrying in 15 seconds...
Error in curl::curl_fetch_memory(url, handle = handle): SSL certificate problem: unable to get local issuer certificate
Request failed [ERROR]. Retrying in 15 seconds...

Request refused.
NULL
Joining, by = "doc_id"
  |                                                                              |======================================================================| 100%
Error in curl::curl_fetch_memory(url, handle = handle): SSL certificate problem: unable to get local issuer certificate
Request failed [ERROR]. Retrying in 15 seconds...
Error in curl::curl_fetch_memory(url, handle = handle): SSL certificate problem: unable to get local issuer certificate
Request failed [ERROR]. Retrying in 15 seconds...

Request refused.
NULL
Joining, by = "doc_id"
  |                                                                              |======================================================================| 100%
Error in curl::curl_fetch_memory(url, handle = handle): SSL certificate problem: unable to get local issuer certificate
Request failed [ERROR]. Retrying in 15 seconds...
Error in curl::curl_fetch_memory(url, handle = handle): SSL certificate problem: unable to get local issuer certificate
Request failed [ERROR]. Retrying in 15 seconds...

Request refused.
NULL
Joining, by = "doc_id"
  |                                                                              |======================================================================| 100%
Error in curl::curl_fetch_memory(url, handle = handle): SSL certificate problem: unable to get local issuer certificate
Request failed [ERROR]. Retrying in 15 seconds...
Error in curl::curl_fetch_memory(url, handle = handle): SSL certificate problem: unable to get local issuer certificate
Request failed [ERROR]. Retrying in 15 seconds...

Request refused.
NULL
Joining, by = "doc_id"
  |                                                                              |======================================================================| 100%
Error in curl::curl_fetch_memory(url, handle = handle): SSL certificate problem: unable to get local issuer certificate
Request failed [ERROR]. Retrying in 15 seconds...
Error in curl::curl_fetch_memory(url, handle = handle): SSL certificate problem: unable to get local issuer certificate
Request failed [ERROR]. Retrying in 15 seconds...

Request refused.
NULL
Joining, by = "doc_id"
  |                                                                              |======================================================================| 100%
Error in curl::curl_fetch_memory(url, handle = handle): SSL certificate problem: unable to get local issuer certificate
Request failed [ERROR]. Retrying in 15 seconds...
Error in curl::curl_fetch_memory(url, handle = handle): SSL certificate problem: unable to get local issuer certificate
Request failed [ERROR]. Retrying in 15 seconds...

Request refused.
NULL
Joining, by = "doc_id"
  |                                                                              |======================================================================| 100%
Error in curl::curl_fetch_memory(url, handle = handle): SSL certificate problem: unable to get local issuer certificate
Request failed [ERROR]. Retrying in 15 seconds...
Error in curl::curl_fetch_memory(url, handle = handle): SSL certificate problem: unable to get local issuer certificate
Request failed [ERROR]. Retrying in 15 seconds...

Request refused.
NULL
Joining, by = "doc_id"
  |                                                                              |======================================================================| 100%
Error in curl::curl_fetch_memory(url, handle = handle): SSL certificate problem: unable to get local issuer certificate
Request failed [ERROR]. Retrying in 15 seconds...
Error in curl::curl_fetch_memory(url, handle = handle): SSL certificate problem: unable to get local issuer certificate
Request failed [ERROR]. Retrying in 15 seconds...

Request refused.
NULL
Joining, by = "doc_id"
  |                                                                              |======================================================================| 100%
Error in curl::curl_fetch_memory(url, handle = handle): SSL certificate problem: unable to get local issuer certificate
Request failed [ERROR]. Retrying in 15 seconds...
Error in curl::curl_fetch_memory(url, handle = handle): SSL certificate problem: unable to get local issuer certificate
Request failed [ERROR]. Retrying in 15 seconds...

Request refused.
NULL
Joining, by = "doc_id"
  |                                                                              |======================================================================| 100%
Error in curl::curl_fetch_memory(url, handle = handle): SSL certificate problem: unable to get local issuer certificate
Request failed [ERROR]. Retrying in 15 seconds...
Error in curl::curl_fetch_memory(url, handle = handle): SSL certificate problem: unable to get local issuer certificate
Request failed [ERROR]. Retrying in 15 seconds...

Request refused.
NULL
Joining, by = "doc_id"
  |                                                                              |======================================================================| 100%
Error in curl::curl_fetch_memory(url, handle = handle): SSL certificate problem: unable to get local issuer certificate
Request failed [ERROR]. Retrying in 15 seconds...
Error in curl::curl_fetch_memory(url, handle = handle): SSL certificate problem: unable to get local issuer certificate
Request failed [ERROR]. Retrying in 15 seconds...

Request refused.
NULL
Joining, by = "doc_id"
  |                                                                              |======================================================================| 100%
Error in curl::curl_fetch_memory(url, handle = handle): SSL certificate problem: unable to get local issuer certificate
Request failed [ERROR]. Retrying in 15 seconds...
Error in curl::curl_fetch_memory(url, handle = handle): SSL certificate problem: unable to get local issuer certificate
Request failed [ERROR]. Retrying in 15 seconds...

Request refused.
NULL
Joining, by = "doc_id"
  |                                                                              |======================================================================| 100%
Error in curl::curl_fetch_memory(url, handle = handle): SSL certificate problem: unable to get local issuer certificate
Request failed [ERROR]. Retrying in 15 seconds...
Error in curl::curl_fetch_memory(url, handle = handle): SSL certificate problem: unable to get local issuer certificate
Request failed [ERROR]. Retrying in 15 seconds...

Request refused.
NULL
Joining, by = "doc_id"
  |                                                                              |======================================================================| 100%
Error in curl::curl_fetch_memory(url, handle = handle): SSL certificate problem: unable to get local issuer certificate
Request failed [ERROR]. Retrying in 15 seconds...
Error in curl::curl_fetch_memory(url, handle = handle): SSL certificate problem: unable to get local issuer certificate
Request failed [ERROR]. Retrying in 15 seconds...

Request refused.
NULL
Joining, by = "doc_id"
  |                                                                              |======================================================================| 100%
Error in curl::curl_fetch_memory(url, handle = handle): SSL certificate problem: unable to get local issuer certificate
Request failed [ERROR]. Retrying in 15 seconds...
Error in curl::curl_fetch_memory(url, handle = handle): SSL certificate problem: unable to get local issuer certificate
Request failed [ERROR]. Retrying in 15 seconds...

Request refused.
NULL
Joining, by = "doc_id"
  |                                                                              |======================================================================| 100%
Error in curl::curl_fetch_memory(url, handle = handle): SSL certificate problem: unable to get local issuer certificate
Request failed [ERROR]. Retrying in 15 seconds...
Error in curl::curl_fetch_memory(url, handle = handle): SSL certificate problem: unable to get local issuer certificate
Request failed [ERROR]. Retrying in 15 seconds...

Request refused.
NULL
Joining, by = "doc_id"
  |                                                                              |======================================================================| 100%
Error in curl::curl_fetch_memory(url, handle = handle): SSL certificate problem: unable to get local issuer certificate
Request failed [ERROR]. Retrying in 15 seconds...
Error in curl::curl_fetch_memory(url, handle = handle): SSL certificate problem: unable to get local issuer certificate
Request failed [ERROR]. Retrying in 15 seconds...

Request refused.
NULL
Joining, by = "doc_id"
  |                                                                              |======================================================================| 100%
Error in curl::curl_fetch_memory(url, handle = handle): SSL certificate problem: unable to get local issuer certificate
Request failed [ERROR]. Retrying in 15 seconds...
Error in curl::curl_fetch_memory(url, handle = handle): SSL certificate problem: unable to get local issuer certificate
Request failed [ERROR]. Retrying in 15 seconds...

Request refused.
NULL
Joining, by = "doc_id"
  |                                                                              |======================================================================| 100%
Error in curl::curl_fetch_memory(url, handle = handle): SSL certificate problem: unable to get local issuer certificate
Request failed [ERROR]. Retrying in 15 seconds...
Error in curl::curl_fetch_memory(url, handle = handle): SSL certificate problem: unable to get local issuer certificate
Request failed [ERROR]. Retrying in 15 seconds...

Request refused.
NULL
Joining, by = "doc_id"
  |                                                                              |======================================================================| 100%
Error in curl::curl_fetch_memory(url, handle = handle): SSL certificate problem: unable to get local issuer certificate
Request failed [ERROR]. Retrying in 15 seconds...
Error in curl::curl_fetch_memory(url, handle = handle): SSL certificate problem: unable to get local issuer certificate
Request failed [ERROR]. Retrying in 15 seconds...

Request refused.
NULL
Joining, by = "doc_id"
  |                                                                              |======================================================================| 100%
Error in curl::curl_fetch_memory(url, handle = handle): SSL certificate problem: unable to get local issuer certificate
Request failed [ERROR]. Retrying in 15 seconds...
Error in curl::curl_fetch_memory(url, handle = handle): SSL certificate problem: unable to get local issuer certificate
Request failed [ERROR]. Retrying in 15 seconds...

Request refused.
NULL
Joining, by = "doc_id"
  |                                                                              |======================================================================| 100%
Error in curl::curl_fetch_memory(url, handle = handle): SSL certificate problem: unable to get local issuer certificate
Request failed [ERROR]. Retrying in 15 seconds...
Error in curl::curl_fetch_memory(url, handle = handle): SSL certificate problem: unable to get local issuer certificate
Request failed [ERROR]. Retrying in 15 seconds...

Request refused.
NULL
Joining, by = "doc_id"
  |                                                                              |======================================================================| 100%
Error in curl::curl_fetch_memory(url, handle = handle): SSL certificate problem: unable to get local issuer certificate
Request failed [ERROR]. Retrying in 15 seconds...
Error in curl::curl_fetch_memory(url, handle = handle): SSL certificate problem: unable to get local issuer certificate
Request failed [ERROR]. Retrying in 15 seconds...

Request refused.
NULL
Joining, by = "doc_id"
  |                                                                              |======================================================================| 100%
Error in curl::curl_fetch_memory(url, handle = handle): SSL certificate problem: unable to get local issuer certificate
Request failed [ERROR]. Retrying in 15 seconds...
Error in curl::curl_fetch_memory(url, handle = handle): SSL certificate problem: unable to get local issuer certificate
Request failed [ERROR]. Retrying in 15 seconds...

Request refused.
NULL
Joining, by = "doc_id"
  |                                                                              |======================================================================| 100%
Error in curl::curl_fetch_memory(url, handle = handle): SSL certificate problem: unable to get local issuer certificate
Request failed [ERROR]. Retrying in 15 seconds...
Error in curl::curl_fetch_memory(url, handle = handle): SSL certificate problem: unable to get local issuer certificate
Request failed [ERROR]. Retrying in 15 seconds...

Request refused.
NULL
Joining, by = "doc_id"
  |                                                                              |======================================================================| 100%
Error in curl::curl_fetch_memory(url, handle = handle): SSL certificate problem: unable to get local issuer certificate
Request failed [ERROR]. Retrying in 15 seconds...
Error in curl::curl_fetch_memory(url, handle = handle): SSL certificate problem: unable to get local issuer certificate
Request failed [ERROR]. Retrying in 15 seconds...

Request refused.
NULL
Joining, by = "doc_id"
  |                                                                              |======================================================================| 100%
Error in curl::curl_fetch_memory(url, handle = handle): SSL certificate problem: unable to get local issuer certificate
Request failed [ERROR]. Retrying in 15 seconds...
Error in curl::curl_fetch_memory(url, handle = handle): SSL certificate problem: unable to get local issuer certificate
Request failed [ERROR]. Retrying in 15 seconds...

Request refused.
NULL
Joining, by = "doc_id"
  |                                                                              |======================================================================| 100%
Error in curl::curl_fetch_memory(url, handle = handle): SSL certificate problem: unable to get local issuer certificate
Request failed [ERROR]. Retrying in 15 seconds...
Error in curl::curl_fetch_memory(url, handle = handle): SSL certificate problem: unable to get local issuer certificate
Request failed [ERROR]. Retrying in 15 seconds...

Request refused.
NULL
Joining, by = "doc_id"
  |                                                                              |======================================================================| 100%
Error in curl::curl_fetch_memory(url, handle = handle): SSL certificate problem: unable to get local issuer certificate
Request failed [ERROR]. Retrying in 15 seconds...
Error in curl::curl_fetch_memory(url, handle = handle): SSL certificate problem: unable to get local issuer certificate
Request failed [ERROR]. Retrying in 15 seconds...

Request refused.
NULL
Joining, by = "doc_id"
  |                                                                              |======================================================================| 100%
Error in curl::curl_fetch_memory(url, handle = handle): SSL certificate problem: unable to get local issuer certificate
Request failed [ERROR]. Retrying in 15 seconds...
Error in curl::curl_fetch_memory(url, handle = handle): SSL certificate problem: unable to get local issuer certificate
Request failed [ERROR]. Retrying in 15 seconds...

Request refused.
NULL
Joining, by = "doc_id"
  |                                                                              |======================================================================| 100%
Error in curl::curl_fetch_memory(url, handle = handle): SSL certificate problem: unable to get local issuer certificate
Request failed [ERROR]. Retrying in 15 seconds...
Error in curl::curl_fetch_memory(url, handle = handle): SSL certificate problem: unable to get local issuer certificate
Request failed [ERROR]. Retrying in 15 seconds...

Request refused.
NULL
Joining, by = "doc_id"
  |                                                                              |======================================================================| 100%
Error in curl::curl_fetch_memory(url, handle = handle): SSL certificate problem: unable to get local issuer certificate
Request failed [ERROR]. Retrying in 15 seconds...
Error in curl::curl_fetch_memory(url, handle = handle): SSL certificate problem: unable to get local issuer certificate
Request failed [ERROR]. Retrying in 15 seconds...

Request refused.
NULL
Joining, by = "doc_id"
  |                                                                              |======================================================================| 100%
Error in curl::curl_fetch_memory(url, handle = handle): SSL certificate problem: unable to get local issuer certificate
Request failed [ERROR]. Retrying in 15 seconds...
Error in curl::curl_fetch_memory(url, handle = handle): SSL certificate problem: unable to get local issuer certificate
Request failed [ERROR]. Retrying in 15 seconds...

Request refused.
NULL
Joining, by = "doc_id"
  |                                                                              |======================================================================| 100%
Error in curl::curl_fetch_memory(url, handle = handle): SSL certificate problem: unable to get local issuer certificate
Request failed [ERROR]. Retrying in 15 seconds...
Error in curl::curl_fetch_memory(url, handle = handle): SSL certificate problem: unable to get local issuer certificate
Request failed [ERROR]. Retrying in 15 seconds...

Request refused.
NULL
Joining, by = "doc_id"
  |                                                                              |======================================================================| 100%
Error in curl::curl_fetch_memory(url, handle = handle): SSL certificate problem: unable to get local issuer certificate
Request failed [ERROR]. Retrying in 15 seconds...
Error in curl::curl_fetch_memory(url, handle = handle): SSL certificate problem: unable to get local issuer certificate
Request failed [ERROR]. Retrying in 15 seconds...

Request refused.
NULL
Joining, by = "doc_id"
  |                                                                              |======================================================================| 100%
Error in curl::curl_fetch_memory(url, handle = handle): SSL certificate problem: unable to get local issuer certificate
Request failed [ERROR]. Retrying in 15 seconds...
Error in curl::curl_fetch_memory(url, handle = handle): SSL certificate problem: unable to get local issuer certificate
Request failed [ERROR]. Retrying in 15 seconds...

Request refused.
NULL
Joining, by = "doc_id"
  |                                                                              |======================================================================| 100%
Error in curl::curl_fetch_memory(url, handle = handle): SSL certificate problem: unable to get local issuer certificate
Request failed [ERROR]. Retrying in 15 seconds...
Error in curl::curl_fetch_memory(url, handle = handle): SSL certificate problem: unable to get local issuer certificate
Request failed [ERROR]. Retrying in 15 seconds...

Request refused.
NULL
Joining, by = "doc_id"
  |                                                                              |======================================================================| 100%
Error in curl::curl_fetch_memory(url, handle = handle): SSL certificate problem: unable to get local issuer certificate
Request failed [ERROR]. Retrying in 15 seconds...
Error in curl::curl_fetch_memory(url, handle = handle): SSL certificate problem: unable to get local issuer certificate
Request failed [ERROR]. Retrying in 15 seconds...

Request refused.
NULL
Joining, by = "doc_id"
  |                                                                              |======================================================================| 100%
Error in curl::curl_fetch_memory(url, handle = handle): SSL certificate problem: unable to get local issuer certificate
Request failed [ERROR]. Retrying in 15 seconds...
Error in curl::curl_fetch_memory(url, handle = handle): SSL certificate problem: unable to get local issuer certificate
Request failed [ERROR]. Retrying in 15 seconds...

Request refused.
NULL
Joining, by = "doc_id"
  |                                                                              |======================================================================| 100%
Error in curl::curl_fetch_memory(url, handle = handle): SSL certificate problem: unable to get local issuer certificate
Request failed [ERROR]. Retrying in 15 seconds...
Error in curl::curl_fetch_memory(url, handle = handle): SSL certificate problem: unable to get local issuer certificate
Request failed [ERROR]. Retrying in 15 seconds...

Request refused.
NULL
Joining, by = "doc_id"
  |                                                                              |======================================================================| 100%
Error in curl::curl_fetch_memory(url, handle = handle): SSL certificate problem: unable to get local issuer certificate
Request failed [ERROR]. Retrying in 15 seconds...
Error in curl::curl_fetch_memory(url, handle = handle): SSL certificate problem: unable to get local issuer certificate
Request failed [ERROR]. Retrying in 15 seconds...

Request refused.
NULL
Joining, by = "doc_id"
  |                                                                              |======================================================================| 100%
Error in curl::curl_fetch_memory(url, handle = handle): SSL certificate problem: unable to get local issuer certificate
Request failed [ERROR]. Retrying in 15 seconds...
Error in curl::curl_fetch_memory(url, handle = handle): SSL certificate problem: unable to get local issuer certificate
Request failed [ERROR]. Retrying in 15 seconds...

Request refused.
NULL
Joining, by = "doc_id"
  |                                                                              |======================================================================| 100%
Error in curl::curl_fetch_memory(url, handle = handle): SSL certificate problem: unable to get local issuer certificate
Request failed [ERROR]. Retrying in 15 seconds...
Error in curl::curl_fetch_memory(url, handle = handle): SSL certificate problem: unable to get local issuer certificate
Request failed [ERROR]. Retrying in 15 seconds...

Request refused.
NULL
Joining, by = "doc_id"
  |                                                                              |======================================================================| 100%
Error in curl::curl_fetch_memory(url, handle = handle): SSL certificate problem: unable to get local issuer certificate
Request failed [ERROR]. Retrying in 15 seconds...
Error in curl::curl_fetch_memory(url, handle = handle): SSL certificate problem: unable to get local issuer certificate
Request failed [ERROR]. Retrying in 15 seconds...

Request refused.
NULL
Joining, by = "doc_id"
  |                                                                              |======================================================================| 100%
Error in curl::curl_fetch_memory(url, handle = handle): SSL certificate problem: unable to get local issuer certificate
Request failed [ERROR]. Retrying in 15 seconds...
Error in curl::curl_fetch_memory(url, handle = handle): SSL certificate problem: unable to get local issuer certificate
Request failed [ERROR]. Retrying in 15 seconds...

Request refused.
NULL
Joining, by = "doc_id"
  |                                                                              |======================================================================| 100%
Error in curl::curl_fetch_memory(url, handle = handle): SSL certificate problem: unable to get local issuer certificate
Request failed [ERROR]. Retrying in 15 seconds...
Error in curl::curl_fetch_memory(url, handle = handle): SSL certificate problem: unable to get local issuer certificate
Request failed [ERROR]. Retrying in 15 seconds...

Request refused.
NULL
Joining, by = "doc_id"
  |                                                                              |======================================================================| 100%
Error in curl::curl_fetch_memory(url, handle = handle): SSL certificate problem: unable to get local issuer certificate
Request failed [ERROR]. Retrying in 15 seconds...
Error in curl::curl_fetch_memory(url, handle = handle): SSL certificate problem: unable to get local issuer certificate
Request failed [ERROR]. Retrying in 15 seconds...

Request refused.
NULL
Joining, by = "doc_id"
  |                                                                              |======================================================================| 100%
Error in curl::curl_fetch_memory(url, handle = handle): SSL certificate problem: unable to get local issuer certificate
Request failed [ERROR]. Retrying in 15 seconds...
Error in curl::curl_fetch_memory(url, handle = handle): SSL certificate problem: unable to get local issuer certificate
Request failed [ERROR]. Retrying in 15 seconds...

Request refused.
NULL
Joining, by = "doc_id"
  |                                                                              |======================================================================| 100%
Error in curl::curl_fetch_memory(url, handle = handle): SSL certificate problem: unable to get local issuer certificate
Request failed [ERROR]. Retrying in 15 seconds...
Error in curl::curl_fetch_memory(url, handle = handle): SSL certificate problem: unable to get local issuer certificate
Request failed [ERROR]. Retrying in 15 seconds...

Request refused.
NULL
Joining, by = "doc_id"
  |                                                                              |======================================================================| 100%
Error in curl::curl_fetch_memory(url, handle = handle): SSL certificate problem: unable to get local issuer certificate
Request failed [ERROR]. Retrying in 15 seconds...
Error in curl::curl_fetch_memory(url, handle = handle): SSL certificate problem: unable to get local issuer certificate
Request failed [ERROR]. Retrying in 15 seconds...

Request refused.
NULL
Joining, by = "doc_id"
  |                                                                              |======================================================================| 100%
Error in curl::curl_fetch_memory(url, handle = handle): SSL certificate problem: unable to get local issuer certificate
Request failed [ERROR]. Retrying in 15 seconds...
Error in curl::curl_fetch_memory(url, handle = handle): SSL certificate problem: unable to get local issuer certificate
Request failed [ERROR]. Retrying in 15 seconds...

Request refused.
NULL
Joining, by = "doc_id"
  |                                                                              |======================================================================| 100%
Error in curl::curl_fetch_memory(url, handle = handle): SSL certificate problem: unable to get local issuer certificate
Request failed [ERROR]. Retrying in 15 seconds...
Error in curl::curl_fetch_memory(url, handle = handle): SSL certificate problem: unable to get local issuer certificate
Request failed [ERROR]. Retrying in 15 seconds...

Request refused.
NULL
Joining, by = "doc_id"
  |                                                                              |======================================================================| 100%
Error in curl::curl_fetch_memory(url, handle = handle): SSL certificate problem: unable to get local issuer certificate
Request failed [ERROR]. Retrying in 15 seconds...
Error in curl::curl_fetch_memory(url, handle = handle): SSL certificate problem: unable to get local issuer certificate
Request failed [ERROR]. Retrying in 15 seconds...

Request refused.
NULL
Joining, by = "doc_id"
  |                                                                              |======================================================================| 100%
Error in curl::curl_fetch_memory(url, handle = handle): SSL certificate problem: unable to get local issuer certificate
Request failed [ERROR]. Retrying in 15 seconds...
Error in curl::curl_fetch_memory(url, handle = handle): SSL certificate problem: unable to get local issuer certificate
Request failed [ERROR]. Retrying in 15 seconds...

Request refused.
NULL
Joining, by = "doc_id"
  |                                                                              |======================================================================| 100%
Error in curl::curl_fetch_memory(url, handle = handle): SSL certificate problem: unable to get local issuer certificate
Request failed [ERROR]. Retrying in 15 seconds...
Error in curl::curl_fetch_memory(url, handle = handle): SSL certificate problem: unable to get local issuer certificate
Request failed [ERROR]. Retrying in 15 seconds...

Request refused.
NULL
Joining, by = "doc_id"
  |                                                                              |======================================================================| 100%
Error in curl::curl_fetch_memory(url, handle = handle): SSL certificate problem: unable to get local issuer certificate
Request failed [ERROR]. Retrying in 15 seconds...
Error in curl::curl_fetch_memory(url, handle = handle): SSL certificate problem: unable to get local issuer certificate
Request failed [ERROR]. Retrying in 15 seconds...

Request refused.
NULL
Joining, by = "doc_id"
  |                                                                              |======================================================================| 100%
Error in curl::curl_fetch_memory(url, handle = handle): SSL certificate problem: unable to get local issuer certificate
Request failed [ERROR]. Retrying in 15 seconds...
Error in curl::curl_fetch_memory(url, handle = handle): SSL certificate problem: unable to get local issuer certificate
Request failed [ERROR]. Retrying in 15 seconds...

Request refused.
NULL
Joining, by = "doc_id"
  |                                                                              |======================================================================| 100%
Error in curl::curl_fetch_memory(url, handle = handle): SSL certificate problem: unable to get local issuer certificate
Request failed [ERROR]. Retrying in 15 seconds...
Error in curl::curl_fetch_memory(url, handle = handle): SSL certificate problem: unable to get local issuer certificate
Request failed [ERROR]. Retrying in 15 seconds...

Request refused.
NULL
Joining, by = "doc_id"
  |                                                                              |======================================================================| 100%
Error in curl::curl_fetch_memory(url, handle = handle): SSL certificate problem: unable to get local issuer certificate
Request failed [ERROR]. Retrying in 15 seconds...
Error in curl::curl_fetch_memory(url, handle = handle): SSL certificate problem: unable to get local issuer certificate
Request failed [ERROR]. Retrying in 15 seconds...

Request refused.
NULL
Joining, by = "doc_id"
  |                                                                              |======================================================================| 100%
Error in curl::curl_fetch_memory(url, handle = handle): SSL certificate problem: unable to get local issuer certificate
Request failed [ERROR]. Retrying in 15 seconds...
Error in curl::curl_fetch_memory(url, handle = handle): SSL certificate problem: unable to get local issuer certificate
Request failed [ERROR]. Retrying in 15 seconds...

Request refused.
NULL
Joining, by = "doc_id"
  |                                                                              |======================================================================| 100%
Error in curl::curl_fetch_memory(url, handle = handle): SSL certificate problem: unable to get local issuer certificate
Request failed [ERROR]. Retrying in 15 seconds...
Error in curl::curl_fetch_memory(url, handle = handle): SSL certificate problem: unable to get local issuer certificate
Request failed [ERROR]. Retrying in 15 seconds...

Request refused.
NULL
Joining, by = "doc_id"
  |                                                                              |======================================================================| 100%
Error in curl::curl_fetch_memory(url, handle = handle): SSL certificate problem: unable to get local issuer certificate
Request failed [ERROR]. Retrying in 15 seconds...
Error in curl::curl_fetch_memory(url, handle = handle): SSL certificate problem: unable to get local issuer certificate
Request failed [ERROR]. Retrying in 15 seconds...

Request refused.
NULL
Joining, by = "doc_id"
  |                                                                              |======================================================================| 100%
Error in curl::curl_fetch_memory(url, handle = handle): SSL certificate problem: unable to get local issuer certificate
Request failed [ERROR]. Retrying in 15 seconds...
Error in curl::curl_fetch_memory(url, handle = handle): SSL certificate problem: unable to get local issuer certificate
Request failed [ERROR]. Retrying in 15 seconds...

Request refused.
NULL
Joining, by = "doc_id"
  |                                                                              |======================================================================| 100%
Error in curl::curl_fetch_memory(url, handle = handle): SSL certificate problem: unable to get local issuer certificate
Request failed [ERROR]. Retrying in 15 seconds...
Error in curl::curl_fetch_memory(url, handle = handle): SSL certificate problem: unable to get local issuer certificate
Request failed [ERROR]. Retrying in 15 seconds...

Request refused.
NULL
Joining, by = "doc_id"
  |                                                                              |======================================================================| 100%
Error in curl::curl_fetch_memory(url, handle = handle): SSL certificate problem: unable to get local issuer certificate
Request failed [ERROR]. Retrying in 15 seconds...
Error in curl::curl_fetch_memory(url, handle = handle): SSL certificate problem: unable to get local issuer certificate
Request failed [ERROR]. Retrying in 15 seconds...

Request refused.
NULL
Joining, by = "doc_id"
  |                                                                              |======================================================================| 100%
Joining, by = "url"
