
ARTICLE:

 -Lembra - se do presente especial que Goucha ofereceu a Maria Botelho Moniz ?  (https://www.noticiasaominuto.com/fama/1447138/lembra-se-do-presente-especial-que-goucha-ofereceu-a-maria-botelho-moniz)
Not Parsed!


ARTICLE:

 -Comece a preparar o regresso à rua e veja as propostas Eugénio Campos (https://www.noticiasaominuto.com/lifestyle/1446799/comece-a-preparar-o-regresso-a-rua-e-veja-as-propostas-eugenio-campos)
Not Parsed!


ARTICLE:

 -Nonagenária morre de Covid - 19 após  oferecer  ventilador  aos mais novos   (https://www.noticiasaominuto.com/mundo/1447141/nonagenaria-morre-de-covid-19-apos-oferecer-ventilador-aos-mais-novos)
Not Parsed!


ARTICLE:

 -Lembra - se do presente especial que Goucha ofereceu a Maria Botelho Moniz ?  (https://www.noticiasaominuto.com/fama/1447138/lembra-se-do-presente-especial-que-goucha-ofereceu-a-maria-botelho-moniz)
Not Parsed!


ARTICLE:

 -Comece a preparar o regresso à rua e veja as propostas Eugénio Campos (https://www.noticiasaominuto.com/lifestyle/1446799/comece-a-preparar-o-regresso-a-rua-e-veja-as-propostas-eugenio-campos)
Not Parsed!


ARTICLE:

 -Nonagenária morre de Covid - 19 após  oferecer  ventilador  aos mais novos   (https://www.noticiasaominuto.com/mundo/1447141/nonagenaria-morre-de-covid-19-apos-oferecer-ventilador-aos-mais-novos)
Not Parsed!



--- 2020-04-01 05:31:22 ---

ARTICLE:

 -O MIRANTE | Mário Viegas (https://omirante.pt/memoria/2020-03-31-Mario-Viegas)
Not Parsed!


ARTICLE:

 -Amanhã tudo será pior (https://www.acorianooriental.pt/artigo/amanha-tudo-sera-pior-20975)
Not Parsed!


ARTICLE:

 -Insensatez !  (https://www.acorianooriental.pt/artigo/insensatez-20974)
Not Parsed!


ARTICLE:

 -Repugnante - Açoriano Oriental (https://www.acorianooriental.pt/artigo/repugnante-20978)
Not Parsed!


ARTICLE:

 -Bom senso - Açoriano Oriental (https://www.acorianooriental.pt/artigo/bom-senso-20973)
Not Parsed!


ARTICLE:

 -The quiet games : a gamificao da quarentena é caminho a para vacina social ?  (https://www.dinheirovivo.pt/opiniao/the-quiet-games-a-gamificacao-da-quarentena-e-caminho-a-para-vacina-social/)
Not Parsed!


ARTICLE:

 -Na linha de fogo : quando o teletrabalho não é opo (https://www.acorianooriental.pt/artigo/na-linha-de-fogo-quando-o-teletrabalho-nao-e-opcao-20977)
Not Parsed!


ARTICLE:

 -NewDetail (http://www.portugalglobal.pt/PT/PortugalNews/Paginas/NewDetail.aspx?newId=%7BBDEECF36-169E-439E-9BCB-30FBE8B8CCA0%7D)
Not Parsed!



--- 2020-04-01 06:00:09 ---

ARTICLE:

 -O MIRANTE | Mário Viegas (https://omirante.pt/memoria/2020-03-31-Mario-Viegas)
Not Parsed!


ARTICLE:

 -Amanhã tudo será pior (https://www.acorianooriental.pt/artigo/amanha-tudo-sera-pior-20975)
Not Parsed!


ARTICLE:

 -Insensatez !  (https://www.acorianooriental.pt/artigo/insensatez-20974)
Not Parsed!


ARTICLE:

 -Repugnante - Açoriano Oriental (https://www.acorianooriental.pt/artigo/repugnante-20978)
Not Parsed!


ARTICLE:

 -Bom senso - Açoriano Oriental (https://www.acorianooriental.pt/artigo/bom-senso-20973)
Not Parsed!


ARTICLE:

 -The quiet games : a gamificao da quarentena é caminho a para vacina social ?  (https://www.dinheirovivo.pt/opiniao/the-quiet-games-a-gamificacao-da-quarentena-e-caminho-a-para-vacina-social/)
Not Parsed!


ARTICLE:

 -Na linha de fogo : quando o teletrabalho não é opo (https://www.acorianooriental.pt/artigo/na-linha-de-fogo-quando-o-teletrabalho-nao-e-opcao-20977)
Not Parsed!



--- 2020-04-01 07:00:08 ---


--- 2020-04-01 07:30:07 ---


--- 2020-04-01 08:00:07 ---


--- 2020-04-01 08:30:07 ---


--- 2020-04-01 09:00:08 ---


--- 2020-04-01 09:30:07 ---


--- 2020-04-01 10:00:07 ---


--- 2020-04-01 10:30:07 ---


--- 2020-04-01 11:00:07 ---


--- 2020-04-01 11:20:52 ---


--- 2020-04-01 11:26:31 ---
